-------------------------------------------------------------------------------
Test set: ApiZullGateWayM_Service.ApiZullGatewayMNew.ApiZullGatewayMNewApplicationTests
-------------------------------------------------------------------------------
Tests run: 1, Failures: 0, Errors: 1, Skipped: 0, Time elapsed: 0.483 s <<< FAILURE! - in ApiZullGateWayM_Service.ApiZullGatewayMNew.ApiZullGatewayMNewApplicationTests
ApiZullGateWayM_Service.ApiZullGatewayMNew.ApiZullGatewayMNewApplicationTests  Time elapsed: 0.481 s  <<< ERROR!
java.lang.IllegalStateException: Unable to find a @SpringBootConfiguration, you need to use @ContextConfiguration or @SpringBootTest(classes=...) with your test

